  [1m[36m (20.8ms)[0m  [1mCREATE TABLE "schema_migrations" ("version" character varying NOT NULL) [0m
  [1m[35m (1.4ms)[0m  CREATE UNIQUE INDEX  "unique_schema_migrations" ON "schema_migrations"  ("version")
  [1m[36mActiveRecord::SchemaMigration Load (0.6ms)[0m  [1mSELECT "schema_migrations".* FROM "schema_migrations"[0m
Migrating to Initial (20160115234123)
  [1m[35m (0.2ms)[0m  BEGIN
  [1m[36mSQL (0.4ms)[0m  [1mCREATE EXTENSION IF NOT EXISTS "plpgsql"[0m
  [1m[35mSQL (55.8ms)[0m  CREATE EXTENSION IF NOT EXISTS "hstore"
  [1m[36m (53.6ms)[0m  [1mCREATE TABLE "users" ("id" serial primary key, "login" character varying(20) NOT NULL, "email" character varying, "first_name" character varying(60), "last_name" character varying(60), "sign_in_count" integer DEFAULT 0 NOT NULL, "failed_attempts" integer DEFAULT 0 NOT NULL, "last_request_at" timestamp, "current_sign_in_at" timestamp, "last_sign_in_at" timestamp, "current_sign_in_ip" character varying, "last_sign_in_ip" character varying, "role_name" character varying, "created_at" timestamp, "updated_at" timestamp, "encrypted_password" character varying, "confirmation_token" character varying, "confirmed_at" timestamp, "confirmation_sent_at" timestamp, "reset_password_token" character varying, "reset_password_sent_at" timestamp, "remember_token" character varying, "remember_created_at" timestamp, "unlock_token" character varying, "locked_at" timestamp) [0m
  [1m[35m (0.9ms)[0m  CREATE UNIQUE INDEX  "index_users_on_confirmation_token" ON "users" USING btree ("confirmation_token")
  [1m[36m (0.8ms)[0m  [1mCREATE UNIQUE INDEX  "index_users_on_email" ON "users" USING btree ("email")[0m
  [1m[35m (0.9ms)[0m  CREATE UNIQUE INDEX  "index_users_on_reset_password_token" ON "users" USING btree ("reset_password_token")
  [1m[36m (1.1ms)[0m  [1mCREATE UNIQUE INDEX  "index_users_on_unlock_token" ON "users" USING btree ("unlock_token")[0m
  [1m[35mSQL (0.4ms)[0m  INSERT INTO "schema_migrations" ("version") VALUES ($1)  [["version", "20160115234123"]]
  [1m[36m (2.2ms)[0m  [1mCOMMIT[0m
Migrating to DeviseTokenAuthAddTokenInfoToUsers (20160115234124)
  [1m[35m (5.8ms)[0m  BEGIN
  [1m[36m (0.4ms)[0m  [1mALTER TABLE "users" ADD "provider" character varying[0m
  [1m[35m (22.4ms)[0m  ALTER TABLE "users" ADD "uid" character varying DEFAULT '' NOT NULL
  [1m[36m (0.3ms)[0m  [1mALTER TABLE "users" ADD "tokens" text[0m
  [1m[35m (0.9ms)[0m  CREATE UNIQUE INDEX  "index_users_on_uid" ON "users"  ("uid")
  [1m[36mUser Load (0.6ms)[0m  [1mSELECT "users".* FROM "users"[0m
  [1m[35mSQL (0.3ms)[0m  INSERT INTO "schema_migrations" ("version") VALUES ($1)  [["version", "20160115234124"]]
  [1m[36m (1.3ms)[0m  [1mCOMMIT[0m
Migrating to RemoveLoginFromUsers (20160115234125)
  [1m[35m (0.8ms)[0m  BEGIN
  [1m[36m (1.0ms)[0m  [1mALTER TABLE "users" DROP "login"[0m
  [1m[35mSQL (0.2ms)[0m  INSERT INTO "schema_migrations" ("version") VALUES ($1)  [["version", "20160115234125"]]
  [1m[36m (5.8ms)[0m  [1mCOMMIT[0m
  [1m[35mActiveRecord::SchemaMigration Load (0.4ms)[0m  SELECT "schema_migrations".* FROM "schema_migrations"
  [1m[36m (4.5ms)[0m  [1mSELECT t2.oid::regclass::text AS to_table, a1.attname AS column, a2.attname AS primary_key, c.conname AS name, c.confupdtype AS on_update, c.confdeltype AS on_delete
FROM pg_constraint c
JOIN pg_class t1 ON c.conrelid = t1.oid
JOIN pg_class t2 ON c.confrelid = t2.oid
JOIN pg_attribute a1 ON a1.attnum = c.conkey[1] AND a1.attrelid = t1.oid
JOIN pg_attribute a2 ON a2.attnum = c.confkey[1] AND a2.attrelid = t2.oid
JOIN pg_namespace t3 ON c.connamespace = t3.oid
WHERE c.contype = 'f'
  AND t1.relname = 'users'
  AND t3.nspname = ANY (current_schemas(false))
ORDER BY c.conname
[0m
  [1m[36mActiveRecord::SchemaMigration Load (0.4ms)[0m  [1mSELECT "schema_migrations".* FROM "schema_migrations"[0m
  [1m[35mActiveRecord::SchemaMigration Load (0.2ms)[0m  SELECT "schema_migrations".* FROM "schema_migrations"
  [1m[36m (2.7ms)[0m  [1mSELECT t2.oid::regclass::text AS to_table, a1.attname AS column, a2.attname AS primary_key, c.conname AS name, c.confupdtype AS on_update, c.confdeltype AS on_delete
FROM pg_constraint c
JOIN pg_class t1 ON c.conrelid = t1.oid
JOIN pg_class t2 ON c.confrelid = t2.oid
JOIN pg_attribute a1 ON a1.attnum = c.conkey[1] AND a1.attrelid = t1.oid
JOIN pg_attribute a2 ON a2.attnum = c.confkey[1] AND a2.attrelid = t2.oid
JOIN pg_namespace t3 ON c.connamespace = t3.oid
WHERE c.contype = 'f'
  AND t1.relname = 'users'
  AND t3.nspname = ANY (current_schemas(false))
ORDER BY c.conname
[0m
